0 info it worked if it ends with ok
1 verbose cli [ 'C:\\Program Files\\nodejs\\node.exe',
1 verbose cli   'C:\\Program Files\\nodejs\\node_modules\\npm\\bin\\npm-cli.js',
1 verbose cli   'run',
1 verbose cli   'dev' ]
2 info using npm@3.10.10
3 info using node@v6.11.4
4 verbose run-script [ 'predev', 'dev', 'postdev' ]
5 info lifecycle demo.webapi@1.0.0~predev: demo.webapi@1.0.0
6 silly lifecycle demo.webapi@1.0.0~predev: no script for predev, continuing
7 info lifecycle demo.webapi@1.0.0~dev: demo.webapi@1.0.0
8 verbose lifecycle demo.webapi@1.0.0~dev: unsafe-perm in lifecycle true
9 verbose lifecycle demo.webapi@1.0.0~dev: PATH: C:\Program Files\nodejs\node_modules\npm\bin\node-gyp-bin;C:\inetpub\demo\webapi\node_modules\.bin;C:\Program Files\Microsoft MPI\Bin\;C:\Windows\system32;C:\Windows;C:\Windows\System32\Wbem;C:\Windows\System32\WindowsPowerShell\v1.0\;C:\Program Files\nodejs\;C:\Program Files\Microsoft SQL Server\130\Tools\Binn\;C:\Program Files\dotnet\;c:\Program Files\Microsoft SQL Server\110\Tools\Binn\;c:\Program Files (x86)\Microsoft SQL Server\110\Tools\Binn\ManagementStudio\;c:\Program Files (x86)\Microsoft SQL Server\110\Tools\Binn\;c:\Program Files (x86)\Microsoft SQL Server\110\DTS\Binn\;c:\Program Files\Microsoft SQL Server\110\DTS\Binn\;c:\Program Files (x86)\Microsoft Visual Studio 10.0\Common7\IDE\PrivateAssemblies\;C:\Program Files\Git\cmd;C:\Program Files\Microsoft\Web Platform Installer\;;C:\Program Files\Microsoft VS Code\bin;C:\Users\Administrator\AppData\Roaming\npm
10 verbose lifecycle demo.webapi@1.0.0~dev: CWD: C:\inetpub\demo\webapi
11 silly lifecycle demo.webapi@1.0.0~dev: Args: [ '/d /s /c', 'node src/index.js' ]
12 silly lifecycle demo.webapi@1.0.0~dev: Returned: code: 3221225786  signal: null
13 info lifecycle demo.webapi@1.0.0~dev: Failed to exec dev script
14 verbose stack Error: demo.webapi@1.0.0 dev: `node src/index.js`
14 verbose stack Exit status 3221225786
14 verbose stack     at EventEmitter.<anonymous> (C:\Program Files\nodejs\node_modules\npm\lib\utils\lifecycle.js:255:16)
14 verbose stack     at emitTwo (events.js:106:13)
14 verbose stack     at EventEmitter.emit (events.js:191:7)
14 verbose stack     at ChildProcess.<anonymous> (C:\Program Files\nodejs\node_modules\npm\lib\utils\spawn.js:40:14)
14 verbose stack     at emitTwo (events.js:106:13)
14 verbose stack     at ChildProcess.emit (events.js:191:7)
14 verbose stack     at maybeClose (internal/child_process.js:920:16)
14 verbose stack     at Process.ChildProcess._handle.onexit (internal/child_process.js:230:5)
15 verbose pkgid demo.webapi@1.0.0
16 verbose cwd C:\inetpub\demo\webapi
17 error Windows_NT 6.1.7601
18 error argv "C:\\Program Files\\nodejs\\node.exe" "C:\\Program Files\\nodejs\\node_modules\\npm\\bin\\npm-cli.js" "run" "dev"
19 error node v6.11.4
20 error npm  v3.10.10
21 error code ELIFECYCLE
22 error demo.webapi@1.0.0 dev: `node src/index.js`
22 error Exit status 3221225786
23 error Failed at the demo.webapi@1.0.0 dev script 'node src/index.js'.
23 error Make sure you have the latest version of node.js and npm installed.
23 error If you do, this is most likely a problem with the demo.webapi package,
23 error not with npm itself.
23 error Tell the author that this fails on your system:
23 error     node src/index.js
23 error You can get information on how to open an issue for this project with:
23 error     npm bugs demo.webapi
23 error Or if that isn't available, you can get their info via:
23 error     npm owner ls demo.webapi
23 error There is likely additional logging output above.
24 verbose exit [ 1, true ]
